This is pdfTeX, Version 3.141592653-2.6-1.40.27 (MiKTeX 25.4) (preloaded format=pdflatex 2025.11.4)  6 NOV 2025 22:03
entering extended mode
 restricted \write18 enabled.
 %&-line parsing enabled.
**./tutorial-8.tex
(tutorial-8.tex
LaTeX2e <2025-06-01> patch level 1
L3 programming layer <2025-10-09>
(/usr/local/share/miktex-texmf/tex/latex/base/article.cls
Document Class: article 2025/01/22 v1.4n Standard LaTeX document class
(/usr/local/share/miktex-texmf/tex/latex/base/size12.clo
File: size12.clo 2025/01/22 v1.4n Standard LaTeX file (size option)
)
\c@part=\count275
\c@section=\count276
\c@subsection=\count277
\c@subsubsection=\count278
\c@paragraph=\count279
\c@subparagraph=\count280
\c@figure=\count281
\c@table=\count282
\abovecaptionskip=\skip49
\belowcaptionskip=\skip50
\bibindent=\dimen148
)
(/usr/local/share/miktex-texmf/tex/latex/l3backend/l3backend-pdftex.def
File: l3backend-pdftex.def 2025-10-09 L3 backend support: PDF output (pdfTeX)
\l__color_backend_stack_int=\count283
)
(tutorial-8.aux)
\openout1 = `tutorial-8.aux'.

LaTeX Font Info:    Checking defaults for OML/cmm/m/it on input line 7.
LaTeX Font Info:    ... okay on input line 7.
LaTeX Font Info:    Checking defaults for OMS/cmsy/m/n on input line 7.
LaTeX Font Info:    ... okay on input line 7.
LaTeX Font Info:    Checking defaults for OT1/cmr/m/n on input line 7.
LaTeX Font Info:    ... okay on input line 7.
LaTeX Font Info:    Checking defaults for T1/cmr/m/n on input line 7.
LaTeX Font Info:    ... okay on input line 7.
LaTeX Font Info:    Checking defaults for TS1/cmr/m/n on input line 7.
LaTeX Font Info:    ... okay on input line 7.
LaTeX Font Info:    Checking defaults for OMX/cmex/m/n on input line 7.
LaTeX Font Info:    ... okay on input line 7.
LaTeX Font Info:    Checking defaults for U/cmr/m/n on input line 7.
LaTeX Font Info:    ... okay on input line 7.

Overfull \hbox (8.60017pt too wide) in paragraph at lines 15--16
[]\OT1/cmr/m/n/12 Explain how the \OT1/cmr/bx/n/12 chain rule \OT1/cmr/m/n/12 i
s used in im-plicit dif-fer-en-tu-ia-tion. L'H^opital 
 []

LaTeX Font Info:    External font `cmex10' loaded for size
(Font)              <12> on input line 17.
LaTeX Font Info:    External font `cmex10' loaded for size
(Font)              <8> on input line 17.
LaTeX Font Info:    External font `cmex10' loaded for size
(Font)              <6> on input line 17.


[1

{/home/hamza/.miktex/texmfs/data/fonts/map/pdftex/pdftex.map}]
(tutorial-8.aux)
 ***********
LaTeX2e <2025-06-01> patch level 1
L3 programming layer <2025-10-09>
 ***********
 ) 
Here is how much of TeX's memory you used:
 451 strings out of 468081
 8367 string characters out of 5433048
 438719 words of memory out of 5000000
 29194 multiletter control sequences out of 15000+600000
 630764 words of font info for 50 fonts, out of 8000000 for 9000
 1141 hyphenation exceptions out of 8191
 35i,5n,38p,230b,136s stack positions out of 10000i,1000n,20000p,200000b,200000s
</usr/local/share/miktex-texmf/fonts/type1/public/amsfonts/cm/cmbx12.pfb></us
r/local/share/miktex-texmf/fonts/type1/public/amsfonts/cm/cmmi12.pfb></usr/loca
l/share/miktex-texmf/fonts/type1/public/amsfonts/cm/cmmi8.pfb></usr/local/share
/miktex-texmf/fonts/type1/public/amsfonts/cm/cmr12.pfb></usr/local/share/miktex
-texmf/fonts/type1/public/amsfonts/cm/cmsy10.pfb></usr/local/share/miktex-texmf
/fonts/type1/public/amsfonts/cm/cmsy8.pfb>
Output written on tutorial-8.pdf (1 page, 69003 bytes).
PDF statistics:
 36 PDF objects out of 1000 (max. 8388607)
 0 named destinations out of 1000 (max. 500000)
 1 words of extra memory for PDF output out of 10000 (max. 10000000)

